<?xml version="1.0" encoding="UTF-8"?>
<testsuite xmlns:xsi="http://www.w3.org/2001/XMLSchema-instance" xsi:noNamespaceSchemaLocation="https://maven.apache.org/surefire/maven-surefire-plugin/xsd/surefire-test-report.xsd" name="com.aftonsteps.stardewdata.AppTest" time="0.148" tests="1" errors="0" skipped="0" failures="0">
  <properties>
    <property name="java.specification.version" value="14"/>
    <property name="sun.jnu.encoding" value="UTF-8"/>
    <property name="java.class.path" value="/Users/aftoncoombs/Projects/eclipse-workspace/stardewdata/target/test-classes:/Users/aftoncoombs/Projects/eclipse-workspace/stardewdata/target/classes:/Users/aftoncoombs/.m2/repository/junit/junit/4.11/junit-4.11.jar:/Users/aftoncoombs/.m2/repository/org/hamcrest/hamcrest-core/1.3/hamcrest-core-1.3.jar:/Users/aftoncoombs/.m2/repository/com/googlecode/json-simple/json-simple/1.1.1/json-simple-1.1.1.jar:/Users/aftoncoombs/.m2/repository/com/opencsv/opencsv/5.3/opencsv-5.3.jar:/Users/aftoncoombs/.m2/repository/org/apache/commons/commons-lang3/3.11/commons-lang3-3.11.jar:/Users/aftoncoombs/.m2/repository/org/apache/commons/commons-text/1.9/commons-text-1.9.jar:/Users/aftoncoombs/.m2/repository/commons-beanutils/commons-beanutils/1.9.4/commons-beanutils-1.9.4.jar:/Users/aftoncoombs/.m2/repository/commons-logging/commons-logging/1.2/commons-logging-1.2.jar:/Users/aftoncoombs/.m2/repository/commons-collections/commons-collections/3.2.2/commons-collections-3.2.2.jar:/Users/aftoncoombs/.m2/repository/org/apache/commons/commons-collections4/4.4/commons-collections4-4.4.jar:"/>
    <property name="java.vm.vendor" value="Oracle Corporation"/>
    <property name="sun.arch.data.model" value="64"/>
    <property name="java.vendor.url" value="https://java.oracle.com/"/>
    <property name="os.name" value="Mac OS X"/>
    <property name="java.vm.specification.version" value="14"/>
    <property name="sun.java.launcher" value="SUN_STANDARD"/>
    <property name="user.country" value="US"/>
    <property name="sun.boot.library.path" value="/Users/aftoncoombs/.p2/pool/plugins/org.eclipse.justj.openjdk.hotspot.jre.full.macosx.x86_64_14.0.2.v20200815-0932/jre/lib"/>
    <property name="sun.java.command" value="/Users/aftoncoombs/Projects/eclipse-workspace/stardewdata/target/surefire/surefirebooter15976246565239408954.jar /Users/aftoncoombs/Projects/eclipse-workspace/stardewdata/target/surefire 2020-11-04T21-35-43_613-jvmRun1 surefire521034322304635684tmp surefire_017014011292268474975tmp"/>
    <property name="http.nonProxyHosts" value="local|*.local|169.254/16|*.169.254/16"/>
    <property name="jdk.debug" value="release"/>
    <property name="surefire.test.class.path" value="/Users/aftoncoombs/Projects/eclipse-workspace/stardewdata/target/test-classes:/Users/aftoncoombs/Projects/eclipse-workspace/stardewdata/target/classes:/Users/aftoncoombs/.m2/repository/junit/junit/4.11/junit-4.11.jar:/Users/aftoncoombs/.m2/repository/org/hamcrest/hamcrest-core/1.3/hamcrest-core-1.3.jar:/Users/aftoncoombs/.m2/repository/com/googlecode/json-simple/json-simple/1.1.1/json-simple-1.1.1.jar:/Users/aftoncoombs/.m2/repository/com/opencsv/opencsv/5.3/opencsv-5.3.jar:/Users/aftoncoombs/.m2/repository/org/apache/commons/commons-lang3/3.11/commons-lang3-3.11.jar:/Users/aftoncoombs/.m2/repository/org/apache/commons/commons-text/1.9/commons-text-1.9.jar:/Users/aftoncoombs/.m2/repository/commons-beanutils/commons-beanutils/1.9.4/commons-beanutils-1.9.4.jar:/Users/aftoncoombs/.m2/repository/commons-logging/commons-logging/1.2/commons-logging-1.2.jar:/Users/aftoncoombs/.m2/repository/commons-collections/commons-collections/3.2.2/commons-collections-3.2.2.jar:/Users/aftoncoombs/.m2/repository/org/apache/commons/commons-collections4/4.4/commons-collections4-4.4.jar:"/>
    <property name="sun.cpu.endian" value="little"/>
    <property name="user.home" value="/Users/aftoncoombs"/>
    <property name="user.language" value="en"/>
    <property name="java.specification.vendor" value="Oracle Corporation"/>
    <property name="java.version.date" value="2020-07-14"/>
    <property name="java.home" value="/Users/aftoncoombs/.p2/pool/plugins/org.eclipse.justj.openjdk.hotspot.jre.full.macosx.x86_64_14.0.2.v20200815-0932/jre"/>
    <property name="file.separator" value="/"/>
    <property name="basedir" value="/Users/aftoncoombs/Projects/eclipse-workspace/stardewdata"/>
    <property name="java.vm.compressedOopsMode" value="Zero based"/>
    <property name="line.separator" value="&#10;"/>
    <property name="java.specification.name" value="Java Platform API Specification"/>
    <property name="java.vm.specification.vendor" value="Oracle Corporation"/>
    <property name="surefire.real.class.path" value="/Users/aftoncoombs/Projects/eclipse-workspace/stardewdata/target/surefire/surefirebooter15976246565239408954.jar"/>
    <property name="sun.management.compiler" value="HotSpot 64-Bit Tiered Compilers"/>
    <property name="ftp.nonProxyHosts" value="local|*.local|169.254/16|*.169.254/16"/>
    <property name="java.runtime.version" value="14.0.2+12-46"/>
    <property name="user.name" value="aftoncoombs"/>
    <property name="path.separator" value=":"/>
    <property name="os.version" value="10.14.6"/>
    <property name="java.runtime.name" value="OpenJDK Runtime Environment"/>
    <property name="file.encoding" value="UTF-8"/>
    <property name="java.vm.name" value="OpenJDK 64-Bit Server VM"/>
    <property name="localRepository" value="/Users/aftoncoombs/.m2/repository"/>
    <property name="java.vendor.url.bug" value="https://bugreport.java.com/bugreport/"/>
    <property name="java.io.tmpdir" value="/var/folders/w6/25gds5j533qd_651h3vg8t4r0000gp/T/"/>
    <property name="java.version" value="14.0.2"/>
    <property name="user.dir" value="/Users/aftoncoombs/Projects/eclipse-workspace/stardewdata"/>
    <property name="os.arch" value="x86_64"/>
    <property name="java.vm.specification.name" value="Java Virtual Machine Specification"/>
    <property name="java.library.path" value="/Users/aftoncoombs/Library/Java/Extensions:/Library/Java/Extensions:/Network/Library/Java/Extensions:/System/Library/Java/Extensions:/usr/lib/java:."/>
    <property name="java.vm.info" value="mixed mode"/>
    <property name="java.vendor" value="Oracle Corporation"/>
    <property name="java.vm.version" value="14.0.2+12-46"/>
    <property name="sun.io.unicode.encoding" value="UnicodeBig"/>
    <property name="socksNonProxyHosts" value="local|*.local|169.254/16|*.169.254/16"/>
    <property name="java.class.version" value="58.0"/>
  </properties>
  <testcase name="shouldAnswerWithTrue" classname="com.aftonsteps.stardewdata.AppTest" time="0.01"/>
</testsuite>