<?xml version="1.0" encoding="UTF-8"?>
<testsuite xmlns:xsi="http://www.w3.org/2001/XMLSchema-instance" xsi:noNamespaceSchemaLocation="https://maven.apache.org/surefire/maven-surefire-plugin/xsd/surefire-test-report.xsd" name="com.aftonsteps.stardewdata.AppTest" time="0.052" tests="1" errors="0" skipped="0" failures="0">
  <properties>
    <property name="sun.desktop" value="windows"/>
    <property name="awt.toolkit" value="sun.awt.windows.WToolkit"/>
    <property name="java.specification.version" value="11"/>
    <property name="sun.cpu.isalist" value="amd64"/>
    <property name="sun.jnu.encoding" value="Cp1252"/>
    <property name="java.class.path" value="C:\Users\afton\Projects\stardewdata\target\test-classes;C:\Users\afton\Projects\stardewdata\target\classes;C:\Users\afton\.m2\repository\junit\junit\4.11\junit-4.11.jar;C:\Users\afton\.m2\repository\org\hamcrest\hamcrest-core\1.3\hamcrest-core-1.3.jar;C:\Users\afton\.m2\repository\com\opencsv\opencsv\5.3\opencsv-5.3.jar;C:\Users\afton\.m2\repository\org\apache\commons\commons-lang3\3.11\commons-lang3-3.11.jar;C:\Users\afton\.m2\repository\org\apache\commons\commons-text\1.9\commons-text-1.9.jar;C:\Users\afton\.m2\repository\commons-beanutils\commons-beanutils\1.9.4\commons-beanutils-1.9.4.jar;C:\Users\afton\.m2\repository\commons-logging\commons-logging\1.2\commons-logging-1.2.jar;C:\Users\afton\.m2\repository\commons-collections\commons-collections\3.2.2\commons-collections-3.2.2.jar;C:\Users\afton\.m2\repository\org\apache\commons\commons-collections4\4.4\commons-collections4-4.4.jar;C:\Users\afton\.m2\repository\com\googlecode\json-simple\json-simple\1.1.1\json-simple-1.1.1.jar;"/>
    <property name="java.vm.vendor" value="Oracle Corporation"/>
    <property name="sun.arch.data.model" value="64"/>
    <property name="user.variant" value=""/>
    <property name="java.vendor.url" value="http://java.oracle.com/"/>
    <property name="user.timezone" value="America/Los_Angeles"/>
    <property name="java.vm.specification.version" value="11"/>
    <property name="os.name" value="Windows 10"/>
    <property name="sun.java.launcher" value="SUN_STANDARD"/>
    <property name="user.country" value="US"/>
    <property name="sun.boot.library.path" value="C:\Program Files\Java\jdk-11.0.2\bin"/>
    <property name="sun.java.command" value="C:\Users\afton\AppData\Local\Temp\surefire5471228420282012333\surefirebooter6299614279416723668.jar C:\Users\afton\AppData\Local\Temp\surefire5471228420282012333 2021-02-19T21-15-58_189-jvmRun1 surefire9411818709810135715tmp surefire_07696405672580286376tmp"/>
    <property name="jdk.debug" value="release"/>
    <property name="surefire.test.class.path" value="C:\Users\afton\Projects\stardewdata\target\test-classes;C:\Users\afton\Projects\stardewdata\target\classes;C:\Users\afton\.m2\repository\junit\junit\4.11\junit-4.11.jar;C:\Users\afton\.m2\repository\org\hamcrest\hamcrest-core\1.3\hamcrest-core-1.3.jar;C:\Users\afton\.m2\repository\com\opencsv\opencsv\5.3\opencsv-5.3.jar;C:\Users\afton\.m2\repository\org\apache\commons\commons-lang3\3.11\commons-lang3-3.11.jar;C:\Users\afton\.m2\repository\org\apache\commons\commons-text\1.9\commons-text-1.9.jar;C:\Users\afton\.m2\repository\commons-beanutils\commons-beanutils\1.9.4\commons-beanutils-1.9.4.jar;C:\Users\afton\.m2\repository\commons-logging\commons-logging\1.2\commons-logging-1.2.jar;C:\Users\afton\.m2\repository\commons-collections\commons-collections\3.2.2\commons-collections-3.2.2.jar;C:\Users\afton\.m2\repository\org\apache\commons\commons-collections4\4.4\commons-collections4-4.4.jar;C:\Users\afton\.m2\repository\com\googlecode\json-simple\json-simple\1.1.1\json-simple-1.1.1.jar;"/>
    <property name="sun.cpu.endian" value="little"/>
    <property name="user.home" value="C:\Users\afton"/>
    <property name="user.language" value="en"/>
    <property name="java.specification.vendor" value="Oracle Corporation"/>
    <property name="java.version.date" value="2019-01-15"/>
    <property name="java.home" value="C:\Program Files\Java\jdk-11.0.2"/>
    <property name="file.separator" value="\"/>
    <property name="basedir" value="C:\Users\afton\Projects\stardewdata"/>
    <property name="java.vm.compressedOopsMode" value="Zero based"/>
    <property name="line.separator" value="&#10;"/>
    <property name="java.specification.name" value="Java Platform API Specification"/>
    <property name="java.vm.specification.vendor" value="Oracle Corporation"/>
    <property name="java.awt.graphicsenv" value="sun.awt.Win32GraphicsEnvironment"/>
    <property name="surefire.real.class.path" value="C:\Users\afton\AppData\Local\Temp\surefire5471228420282012333\surefirebooter6299614279416723668.jar"/>
    <property name="user.script" value=""/>
    <property name="sun.management.compiler" value="HotSpot 64-Bit Tiered Compilers"/>
    <property name="java.runtime.version" value="11.0.2+9-LTS"/>
    <property name="user.name" value="afton"/>
    <property name="path.separator" value=";"/>
    <property name="os.version" value="10.0"/>
    <property name="java.runtime.name" value="Java(TM) SE Runtime Environment"/>
    <property name="file.encoding" value="Cp1252"/>
    <property name="java.vm.name" value="Java HotSpot(TM) 64-Bit Server VM"/>
    <property name="java.vendor.version" value="18.9"/>
    <property name="localRepository" value="C:\Users\afton\.m2\repository"/>
    <property name="java.vendor.url.bug" value="http://bugreport.java.com/bugreport/"/>
    <property name="java.io.tmpdir" value="C:\Users\afton\AppData\Local\Temp\"/>
    <property name="java.version" value="11.0.2"/>
    <property name="user.dir" value="C:\Users\afton\Projects\stardewdata"/>
    <property name="os.arch" value="amd64"/>
    <property name="java.vm.specification.name" value="Java Virtual Machine Specification"/>
    <property name="java.awt.printerjob" value="sun.awt.windows.WPrinterJob"/>
    <property name="sun.os.patch.level" value=""/>
    <property name="java.library.path" value="C:\Program Files\Java\jdk-11.0.2\bin;C:\WINDOWS\Sun\Java\bin;C:\WINDOWS\system32;C:\WINDOWS;C:/Program Files/Java/jdk-11.0.2/bin/server;C:/Program Files/Java/jdk-11.0.2/bin;C:\Program Files\Common Files\Oracle\Java\javapath;D:\Rtools\bin;C:\Program Files\Microsoft MPI\Bin\;C:\Program Files (x86)\Intel\iCLS Client\;C:\Program Files\Intel\iCLS Client\;C:\Windows\system32;C:\Windows;C:\Windows\System32\Wbem;C:\Windows\System32\WindowsPowerShell\v1.0\;C:\Program Files (x86)\NVIDIA Corporation\PhysX\Common;C:\Program Files (x86)\Intel\Intel(R) Management Engine Components\DAL;C:\Program Files\Intel\Intel(R) Management Engine Components\DAL;C:\Program Files (x86)\Intel\Intel(R) Management Engine Components\IPT;C:\Program Files\Intel\Intel(R) Management Engine Components\IPT;C:\WINDOWS\system32;C:\WINDOWS;C:\WINDOWS\System32\Wbem;C:\WINDOWS\System32\WindowsPowerShell\v1.0\;C:\WINDOWS\System32\OpenSSH\;C:\Program Files\dotnet\;C:\Program Files\Microsoft SQL Server\130\Tools\Binn\;C:\Program Files\Git\cmd;C:\Program Files\nodejs\;C:\ProgramData\Microsoft\Windows\Start Menu\Programs\Python 3.6;C:\ProgramData\Microsoft\Windows\Start Menu\Programs\Python 2.7;C:\Python27;C:\Python27\Scripts;C:\Program Files\chromedriver;C:\Program Files\Cygwin;C:\ProgramData\Miniconda2\condabin;C:\ProgramData\Miniconda2\shell;C:\cygwin64;C:\Users\afton\Projects\libgpuarray\CMakeModules;C:\Program Files\CMake\bin;C:\Program Files\NVIDIA Corporation\Installer2;C:\Program Files\NVIDIA Corporation\Installer2\nvcc_10.1.{7EF1BE62-849B-410F-9DBF-089D896D0DC9};C:\Program Files\NVIDIA Corporation\Installer2\nvcc_10.1.{2645B044-0C1F-47EB-BFD5-1FE33E2C671D};C:\Users\afton\AppData\Local\Temp\CUDA\nvcc;C:\Program Files\NVIDIA Corporation\Installer2\nvcc_10.1.{7EF1BE62-849B-410F-9DBF-089D896D0DC9}\bin;C:\ProgramData\Miniconda3;C:\ProgramData\Miniconda3\condabin;C:\ProgramData\Miniconda3\Lib;C:\Program Files\Microsoft Windows Performance Toolkit\;C:\Users\afton\AppData\Local\Temp\CUDA\nvcc\bin;C:\Program Files\MiKTeX 2.9\miktex\bin\x64\;C:\Program Files (x86)\LyX 2.3\Perl\bin;C:\Users\afton\AppData\Local\Microsoft\WindowsApps;C:\Users\afton\AppData\Roaming\npm;C:\Program Files\JetBrains\PyCharm Community Edition 2019.1.3\bin;;C:\ProgramData\Microsoft\Windows\Start Menu\Programs\Python 3.6;C:\Program Files\JetBrains\IntelliJ IDEA Community Edition 2019.2.1\bin;;C:\Program Files (x86)\FAHClient;;C:\WINDOWS\system32;;."/>
    <property name="java.vendor" value="Oracle Corporation"/>
    <property name="java.vm.info" value="mixed mode"/>
    <property name="java.vm.version" value="11.0.2+9-LTS"/>
    <property name="sun.io.unicode.encoding" value="UnicodeLittle"/>
    <property name="java.class.version" value="55.0"/>
  </properties>
  <testcase name="shouldAnswerWithTrue" classname="com.aftonsteps.stardewdata.AppTest" time="0.004"/>
</testsuite>